[1.064s] DEBUG:colcon:Command line arguments: ['/usr/bin/colcon', 'build']
[1.064s] DEBUG:colcon:Parsed command line arguments: Namespace(log_base=None, log_level=None, verb_name='build', build_base='build', install_base='install', merge_install=False, symlink_install=False, test_result_base=None, continue_on_error=False, executor='parallel', parallel_workers=16, event_handlers=None, ignore_user_meta=False, metas=['./colcon.meta'], base_paths=['.'], packages_ignore=None, packages_ignore_regex=None, paths=None, packages_up_to=None, packages_up_to_regex=None, packages_above=None, packages_above_and_dependencies=None, packages_above_depth=None, packages_select_by_dep=None, packages_skip_by_dep=None, packages_skip_up_to=None, packages_select_build_failed=False, packages_skip_build_finished=False, packages_select_test_failures=False, packages_skip_test_passed=False, packages_select=None, packages_skip=None, packages_select_regex=None, packages_skip_regex=None, packages_start=None, packages_end=None, cmake_args=None, cmake_target=None, cmake_target_skip_unavailable=False, cmake_clean_cache=False, cmake_clean_first=False, cmake_force_configure=False, ament_cmake_args=None, catkin_cmake_args=None, catkin_skip_building_tests=False, mixin_files=None, mixin=None, verb_parser=<colcon_mixin.mixin.mixin_argument.MixinArgumentDecorator object at 0x7fb9f455fb50>, verb_extension=<colcon_core.verb.build.BuildVerb object at 0x7fb9f455f550>, main=<bound method BuildVerb.main of <colcon_core.verb.build.BuildVerb object at 0x7fb9f455f550>>, mixin_verb=('build',))
[1.115s] Level 1:colcon.colcon_core.package_discovery:discover_packages(colcon_meta) check parameters
[1.115s] Level 1:colcon.colcon_core.package_discovery:discover_packages(recursive) check parameters
[1.115s] Level 1:colcon.colcon_core.package_discovery:discover_packages(ignore) check parameters
[1.115s] Level 1:colcon.colcon_core.package_discovery:discover_packages(path) check parameters
[1.115s] Level 1:colcon.colcon_core.package_discovery:discover_packages(colcon_meta) discover
[1.115s] Level 1:colcon.colcon_core.package_discovery:discover_packages(recursive) discover
[1.115s] INFO:colcon.colcon_core.package_discovery:Crawling recursively for packages in '/workspaces/bdai/bosdyn_msgs'
[1.115s] Level 1:colcon.colcon_core.package_identification:_identify(.) by extensions ['ignore', 'ignore_ament_install']
[1.115s] Level 1:colcon.colcon_core.package_identification:_identify(.) by extension 'ignore'
[1.115s] Level 1:colcon.colcon_core.package_identification:_identify(.) by extension 'ignore_ament_install'
[1.115s] Level 1:colcon.colcon_core.package_identification:_identify(.) by extensions ['colcon_pkg']
[1.115s] Level 1:colcon.colcon_core.package_identification:_identify(.) by extension 'colcon_pkg'
[1.115s] Level 1:colcon.colcon_core.package_identification:_identify(.) by extensions ['colcon_meta']
[1.115s] Level 1:colcon.colcon_core.package_identification:_identify(.) by extension 'colcon_meta'
[1.115s] Level 1:colcon.colcon_core.package_identification:_identify(.) by extensions ['ros']
[1.116s] Level 1:colcon.colcon_core.package_identification:_identify(.) by extension 'ros'
[1.126s] DEBUG:colcon.colcon_core.package_identification:Package '.' with type 'ros.ament_cmake' and name 'bosdyn_msgs'
[1.126s] Level 1:colcon.colcon_core.package_discovery:discover_packages(recursive) using defaults
[1.126s] Level 1:colcon.colcon_core.package_discovery:discover_packages(ignore) discover
[1.126s] Level 1:colcon.colcon_core.package_discovery:discover_packages(ignore) using defaults
[1.126s] Level 1:colcon.colcon_core.package_discovery:discover_packages(path) discover
[1.126s] Level 1:colcon.colcon_core.package_discovery:discover_packages(path) using defaults
[1.181s] Level 5:colcon.colcon_core.verb:set package 'bosdyn_msgs' build argument 'cmake_args' from command line to 'None'
[1.181s] Level 5:colcon.colcon_core.verb:set package 'bosdyn_msgs' build argument 'cmake_target' from command line to 'None'
[1.181s] Level 5:colcon.colcon_core.verb:set package 'bosdyn_msgs' build argument 'cmake_target_skip_unavailable' from command line to 'False'
[1.181s] Level 5:colcon.colcon_core.verb:set package 'bosdyn_msgs' build argument 'cmake_clean_cache' from command line to 'False'
[1.181s] Level 5:colcon.colcon_core.verb:set package 'bosdyn_msgs' build argument 'cmake_clean_first' from command line to 'False'
[1.181s] Level 5:colcon.colcon_core.verb:set package 'bosdyn_msgs' build argument 'cmake_force_configure' from command line to 'False'
[1.181s] Level 5:colcon.colcon_core.verb:set package 'bosdyn_msgs' build argument 'ament_cmake_args' from command line to 'None'
[1.181s] Level 5:colcon.colcon_core.verb:set package 'bosdyn_msgs' build argument 'catkin_cmake_args' from command line to 'None'
[1.181s] Level 5:colcon.colcon_core.verb:set package 'bosdyn_msgs' build argument 'catkin_skip_building_tests' from command line to 'False'
[1.181s] DEBUG:colcon.colcon_core.verb:Building package 'bosdyn_msgs' with the following arguments: {'ament_cmake_args': None, 'build_base': '/workspaces/bdai/bosdyn_msgs/build/bosdyn_msgs', 'catkin_cmake_args': None, 'catkin_skip_building_tests': False, 'cmake_args': None, 'cmake_clean_cache': False, 'cmake_clean_first': False, 'cmake_force_configure': False, 'cmake_target': None, 'cmake_target_skip_unavailable': False, 'install_base': '/workspaces/bdai/bosdyn_msgs/install/bosdyn_msgs', 'merge_install': False, 'path': '/workspaces/bdai/bosdyn_msgs', 'symlink_install': False, 'test_result_base': None}
[1.192s] INFO:colcon.colcon_core.executor:Executing jobs using 'parallel' executor
[1.204s] DEBUG:colcon.colcon_parallel_executor.executor.parallel:run_until_complete
[1.204s] INFO:colcon.colcon_ros.task.ament_cmake.build:Building ROS package in '/workspaces/bdai/bosdyn_msgs' with build type 'ament_cmake'
[1.204s] INFO:colcon.colcon_cmake.task.cmake.build:Building CMake package in '/workspaces/bdai/bosdyn_msgs'
[1.217s] INFO:colcon.colcon_core.plugin_system:Skipping extension 'colcon_core.shell.bat': Not used on non-Windows systems
[1.217s] INFO:colcon.colcon_core.shell:Skip shell extension 'powershell' for command environment: Not usable outside of PowerShell
[1.217s] DEBUG:colcon.colcon_core.shell:Skip shell extension 'dsv' for command environment
[1.339s] DEBUG:colcon.colcon_core.event_handler.log_command:Invoking command in '/workspaces/bdai/bosdyn_msgs/build/bosdyn_msgs': CMAKE_PREFIX_PATH=${CMAKE_PREFIX_PATH}:/workspaces/bdai/projects/watch_understand_do/ws/install/visual_servoing:/workspaces/bdai/projects/watch_understand_do/ws/install/primitives_ros:/workspaces/bdai/projects/watch_understand_do/ws/install/look_at_that_ros:/workspaces/bdai/projects/watch_understand_do/ws/install/diagnose_repair_ros:/workspaces/bdai/projects/tir/ws/install/ur_pick_and_place_ros:/workspaces/bdai/projects/storefront/ws/install/spot_dancing:/workspaces/bdai/ws/install/utilities:/workspaces/bdai/ws/install/spot_spotter:/workspaces/bdai/ws/install/spot_driver:/workspaces/bdai/ws/install/simple_walk_forward:/workspaces/bdai/ws/install/simple_arm_motion:/workspaces/bdai/ws/install/mocap_driver_utilities:/workspaces/bdai/ws/install/camera_interfaces:/workspaces/bdai/ws/install/bdai_ros2_wrappers:/workspaces/bdai/ws/install/bdai_ros:/opt/ros/humble /usr/bin/cmake --build /workspaces/bdai/bosdyn_msgs/build/bosdyn_msgs -- -j16 -l16
[1056.031s] DEBUG:colcon.colcon_core.event_handler.log_command:Invoked command in '/workspaces/bdai/bosdyn_msgs/build/bosdyn_msgs' returned '0': CMAKE_PREFIX_PATH=${CMAKE_PREFIX_PATH}:/workspaces/bdai/projects/watch_understand_do/ws/install/visual_servoing:/workspaces/bdai/projects/watch_understand_do/ws/install/primitives_ros:/workspaces/bdai/projects/watch_understand_do/ws/install/look_at_that_ros:/workspaces/bdai/projects/watch_understand_do/ws/install/diagnose_repair_ros:/workspaces/bdai/projects/tir/ws/install/ur_pick_and_place_ros:/workspaces/bdai/projects/storefront/ws/install/spot_dancing:/workspaces/bdai/ws/install/utilities:/workspaces/bdai/ws/install/spot_spotter:/workspaces/bdai/ws/install/spot_driver:/workspaces/bdai/ws/install/simple_walk_forward:/workspaces/bdai/ws/install/simple_arm_motion:/workspaces/bdai/ws/install/mocap_driver_utilities:/workspaces/bdai/ws/install/camera_interfaces:/workspaces/bdai/ws/install/bdai_ros2_wrappers:/workspaces/bdai/ws/install/bdai_ros:/opt/ros/humble /usr/bin/cmake --build /workspaces/bdai/bosdyn_msgs/build/bosdyn_msgs -- -j16 -l16
[1134.933s] DEBUG:colcon.colcon_core.event_handler.log_command:Invoking command in '/workspaces/bdai/bosdyn_msgs/build/bosdyn_msgs': CMAKE_PREFIX_PATH=${CMAKE_PREFIX_PATH}:/workspaces/bdai/projects/watch_understand_do/ws/install/visual_servoing:/workspaces/bdai/projects/watch_understand_do/ws/install/primitives_ros:/workspaces/bdai/projects/watch_understand_do/ws/install/look_at_that_ros:/workspaces/bdai/projects/watch_understand_do/ws/install/diagnose_repair_ros:/workspaces/bdai/projects/tir/ws/install/ur_pick_and_place_ros:/workspaces/bdai/projects/storefront/ws/install/spot_dancing:/workspaces/bdai/ws/install/utilities:/workspaces/bdai/ws/install/spot_spotter:/workspaces/bdai/ws/install/spot_driver:/workspaces/bdai/ws/install/simple_walk_forward:/workspaces/bdai/ws/install/simple_arm_motion:/workspaces/bdai/ws/install/mocap_driver_utilities:/workspaces/bdai/ws/install/camera_interfaces:/workspaces/bdai/ws/install/bdai_ros2_wrappers:/workspaces/bdai/ws/install/bdai_ros:/opt/ros/humble /usr/bin/cmake --install /workspaces/bdai/bosdyn_msgs/build/bosdyn_msgs
[1144.949s] Level 1:colcon.colcon_core.environment:create_environment_scripts_only(bosdyn_msgs)
[1144.959s] DEBUG:colcon.colcon_core.event_handler.log_command:Invoked command in '/workspaces/bdai/bosdyn_msgs/build/bosdyn_msgs' returned '0': CMAKE_PREFIX_PATH=${CMAKE_PREFIX_PATH}:/workspaces/bdai/projects/watch_understand_do/ws/install/visual_servoing:/workspaces/bdai/projects/watch_understand_do/ws/install/primitives_ros:/workspaces/bdai/projects/watch_understand_do/ws/install/look_at_that_ros:/workspaces/bdai/projects/watch_understand_do/ws/install/diagnose_repair_ros:/workspaces/bdai/projects/tir/ws/install/ur_pick_and_place_ros:/workspaces/bdai/projects/storefront/ws/install/spot_dancing:/workspaces/bdai/ws/install/utilities:/workspaces/bdai/ws/install/spot_spotter:/workspaces/bdai/ws/install/spot_driver:/workspaces/bdai/ws/install/simple_walk_forward:/workspaces/bdai/ws/install/simple_arm_motion:/workspaces/bdai/ws/install/mocap_driver_utilities:/workspaces/bdai/ws/install/camera_interfaces:/workspaces/bdai/ws/install/bdai_ros2_wrappers:/workspaces/bdai/ws/install/bdai_ros:/opt/ros/humble /usr/bin/cmake --install /workspaces/bdai/bosdyn_msgs/build/bosdyn_msgs
[1145.032s] Level 1:colcon.colcon_core.environment:checking '/workspaces/bdai/bosdyn_msgs/install/bosdyn_msgs' for CMake module files
[1145.033s] Level 1:colcon.colcon_core.environment:checking '/workspaces/bdai/bosdyn_msgs/install/bosdyn_msgs' for CMake config files
[1145.055s] Level 1:colcon.colcon_core.shell:create_environment_hook('bosdyn_msgs', 'cmake_prefix_path')
[1145.071s] INFO:colcon.colcon_core.shell:Creating environment hook '/workspaces/bdai/bosdyn_msgs/install/bosdyn_msgs/share/bosdyn_msgs/hook/cmake_prefix_path.ps1'
[1145.078s] INFO:colcon.colcon_core.shell:Creating environment descriptor '/workspaces/bdai/bosdyn_msgs/install/bosdyn_msgs/share/bosdyn_msgs/hook/cmake_prefix_path.dsv'
[1145.078s] INFO:colcon.colcon_core.shell:Creating environment hook '/workspaces/bdai/bosdyn_msgs/install/bosdyn_msgs/share/bosdyn_msgs/hook/cmake_prefix_path.sh'
[1145.081s] Level 1:colcon.colcon_core.environment:checking '/workspaces/bdai/bosdyn_msgs/install/bosdyn_msgs/lib'
[1145.081s] Level 1:colcon.colcon_core.shell:create_environment_hook('bosdyn_msgs', 'ld_library_path_lib')
[1145.096s] INFO:colcon.colcon_core.shell:Creating environment hook '/workspaces/bdai/bosdyn_msgs/install/bosdyn_msgs/share/bosdyn_msgs/hook/ld_library_path_lib.ps1'
[1145.096s] INFO:colcon.colcon_core.shell:Creating environment descriptor '/workspaces/bdai/bosdyn_msgs/install/bosdyn_msgs/share/bosdyn_msgs/hook/ld_library_path_lib.dsv'
[1145.097s] INFO:colcon.colcon_core.shell:Creating environment hook '/workspaces/bdai/bosdyn_msgs/install/bosdyn_msgs/share/bosdyn_msgs/hook/ld_library_path_lib.sh'
[1145.097s] Level 1:colcon.colcon_core.environment:checking '/workspaces/bdai/bosdyn_msgs/install/bosdyn_msgs/bin'
[1145.097s] Level 1:colcon.colcon_core.environment:checking '/workspaces/bdai/bosdyn_msgs/install/bosdyn_msgs/lib/pkgconfig/bosdyn_msgs.pc'
[1145.103s] Level 1:colcon.colcon_core.environment:checking '/workspaces/bdai/bosdyn_msgs/install/bosdyn_msgs/lib/python3.10/site-packages'
[1145.103s] Level 1:colcon.colcon_core.environment:checking '/workspaces/bdai/bosdyn_msgs/install/bosdyn_msgs/bin'
[1145.118s] INFO:colcon.colcon_core.shell:Creating package script '/workspaces/bdai/bosdyn_msgs/install/bosdyn_msgs/share/bosdyn_msgs/package.ps1'
[1145.119s] INFO:colcon.colcon_core.shell:Creating package descriptor '/workspaces/bdai/bosdyn_msgs/install/bosdyn_msgs/share/bosdyn_msgs/package.dsv'
[1145.120s] INFO:colcon.colcon_core.shell:Creating package script '/workspaces/bdai/bosdyn_msgs/install/bosdyn_msgs/share/bosdyn_msgs/package.sh'
[1145.120s] INFO:colcon.colcon_core.shell:Creating package script '/workspaces/bdai/bosdyn_msgs/install/bosdyn_msgs/share/bosdyn_msgs/package.bash'
[1145.121s] INFO:colcon.colcon_core.shell:Creating package script '/workspaces/bdai/bosdyn_msgs/install/bosdyn_msgs/share/bosdyn_msgs/package.zsh'
[1145.122s] Level 1:colcon.colcon_core.environment:create_file_with_runtime_dependencies(/workspaces/bdai/bosdyn_msgs/install/bosdyn_msgs/share/colcon-core/packages/bosdyn_msgs)
[1205.304s] Level 1:colcon.colcon_core.environment:create_environment_scripts_only(bosdyn_msgs)
[1205.323s] Level 1:colcon.colcon_core.environment:checking '/workspaces/bdai/bosdyn_msgs/install/bosdyn_msgs' for CMake module files
[1205.323s] Level 1:colcon.colcon_core.environment:checking '/workspaces/bdai/bosdyn_msgs/install/bosdyn_msgs' for CMake config files
[1205.342s] Level 1:colcon.colcon_core.shell:create_environment_hook('bosdyn_msgs', 'cmake_prefix_path')
[1205.361s] INFO:colcon.colcon_core.shell:Creating environment hook '/workspaces/bdai/bosdyn_msgs/install/bosdyn_msgs/share/bosdyn_msgs/hook/cmake_prefix_path.ps1'
[1205.361s] INFO:colcon.colcon_core.shell:Creating environment descriptor '/workspaces/bdai/bosdyn_msgs/install/bosdyn_msgs/share/bosdyn_msgs/hook/cmake_prefix_path.dsv'
[1205.362s] INFO:colcon.colcon_core.shell:Creating environment hook '/workspaces/bdai/bosdyn_msgs/install/bosdyn_msgs/share/bosdyn_msgs/hook/cmake_prefix_path.sh'
[1205.362s] Level 1:colcon.colcon_core.environment:checking '/workspaces/bdai/bosdyn_msgs/install/bosdyn_msgs/lib'
[1205.362s] Level 1:colcon.colcon_core.shell:create_environment_hook('bosdyn_msgs', 'ld_library_path_lib')
[1205.380s] INFO:colcon.colcon_core.shell:Creating environment hook '/workspaces/bdai/bosdyn_msgs/install/bosdyn_msgs/share/bosdyn_msgs/hook/ld_library_path_lib.ps1'
[1205.381s] INFO:colcon.colcon_core.shell:Creating environment descriptor '/workspaces/bdai/bosdyn_msgs/install/bosdyn_msgs/share/bosdyn_msgs/hook/ld_library_path_lib.dsv'
[1205.381s] INFO:colcon.colcon_core.shell:Creating environment hook '/workspaces/bdai/bosdyn_msgs/install/bosdyn_msgs/share/bosdyn_msgs/hook/ld_library_path_lib.sh'
[1205.381s] Level 1:colcon.colcon_core.environment:checking '/workspaces/bdai/bosdyn_msgs/install/bosdyn_msgs/bin'
[1205.381s] Level 1:colcon.colcon_core.environment:checking '/workspaces/bdai/bosdyn_msgs/install/bosdyn_msgs/lib/pkgconfig/bosdyn_msgs.pc'
[1205.381s] Level 1:colcon.colcon_core.environment:checking '/workspaces/bdai/bosdyn_msgs/install/bosdyn_msgs/lib/python3.10/site-packages'
[1205.381s] Level 1:colcon.colcon_core.environment:checking '/workspaces/bdai/bosdyn_msgs/install/bosdyn_msgs/bin'
[1205.399s] INFO:colcon.colcon_core.shell:Creating package script '/workspaces/bdai/bosdyn_msgs/install/bosdyn_msgs/share/bosdyn_msgs/package.ps1'
[1205.400s] INFO:colcon.colcon_core.shell:Creating package descriptor '/workspaces/bdai/bosdyn_msgs/install/bosdyn_msgs/share/bosdyn_msgs/package.dsv'
[1205.400s] INFO:colcon.colcon_core.shell:Creating package script '/workspaces/bdai/bosdyn_msgs/install/bosdyn_msgs/share/bosdyn_msgs/package.sh'
[1205.400s] INFO:colcon.colcon_core.shell:Creating package script '/workspaces/bdai/bosdyn_msgs/install/bosdyn_msgs/share/bosdyn_msgs/package.bash'
[1205.401s] INFO:colcon.colcon_core.shell:Creating package script '/workspaces/bdai/bosdyn_msgs/install/bosdyn_msgs/share/bosdyn_msgs/package.zsh'
[1205.401s] Level 1:colcon.colcon_core.environment:create_file_with_runtime_dependencies(/workspaces/bdai/bosdyn_msgs/install/bosdyn_msgs/share/colcon-core/packages/bosdyn_msgs)
[1205.402s] DEBUG:colcon.colcon_parallel_executor.executor.parallel:closing loop
[1205.403s] DEBUG:colcon.colcon_parallel_executor.executor.parallel:loop closed
[1205.403s] DEBUG:colcon.colcon_parallel_executor.executor.parallel:run_until_complete finished with '0'
[1205.404s] DEBUG:colcon.colcon_core.event_reactor:joining thread
[1205.443s] INFO:colcon.colcon_core.plugin_system:Skipping extension 'colcon_notification.desktop_notification.notify_send': Could not find 'notify-send'
[1205.443s] INFO:colcon.colcon_core.plugin_system:Skipping extension 'colcon_notification.desktop_notification.terminal_notifier': Not used on non-Darwin systems
[1205.443s] INFO:colcon.colcon_core.plugin_system:Skipping extension 'colcon_notification.desktop_notification.win32': Not used on non-Windows systems
[1205.443s] INFO:colcon.colcon_notification.desktop_notification:Sending desktop notification using 'notify2'
[1205.457s] DEBUG:colcon.colcon_notification.desktop_notification.notify2:Failed to initialize notify2: org.freedesktop.DBus.Error.ServiceUnknown: The name org.freedesktop.Notifications was not provided by any .service files
[1205.457s] DEBUG:colcon.colcon_core.event_reactor:joined thread
[1205.476s] INFO:colcon.colcon_core.shell:Creating prefix script '/workspaces/bdai/bosdyn_msgs/install/local_setup.ps1'
[1205.478s] INFO:colcon.colcon_core.shell:Creating prefix util module '/workspaces/bdai/bosdyn_msgs/install/_local_setup_util_ps1.py'
[1205.479s] INFO:colcon.colcon_core.shell:Creating prefix chain script '/workspaces/bdai/bosdyn_msgs/install/setup.ps1'
[1205.498s] INFO:colcon.colcon_core.shell:Creating prefix script '/workspaces/bdai/bosdyn_msgs/install/local_setup.sh'
[1205.499s] INFO:colcon.colcon_core.shell:Creating prefix util module '/workspaces/bdai/bosdyn_msgs/install/_local_setup_util_sh.py'
[1205.500s] INFO:colcon.colcon_core.shell:Creating prefix chain script '/workspaces/bdai/bosdyn_msgs/install/setup.sh'
[1205.519s] INFO:colcon.colcon_core.shell:Creating prefix script '/workspaces/bdai/bosdyn_msgs/install/local_setup.bash'
[1205.519s] INFO:colcon.colcon_core.shell:Creating prefix chain script '/workspaces/bdai/bosdyn_msgs/install/setup.bash'
[1205.538s] INFO:colcon.colcon_core.shell:Creating prefix script '/workspaces/bdai/bosdyn_msgs/install/local_setup.zsh'
[1205.538s] INFO:colcon.colcon_core.shell:Creating prefix chain script '/workspaces/bdai/bosdyn_msgs/install/setup.zsh'
