[0.125s] Invoking command in '/workspaces/bdai/bosdyn_msgs/build/bosdyn_msgs': CMAKE_PREFIX_PATH=${CMAKE_PREFIX_PATH}:/workspaces/bdai/projects/watch_understand_do/ws/install/visual_servoing:/workspaces/bdai/projects/watch_understand_do/ws/install/primitives_ros:/workspaces/bdai/projects/watch_understand_do/ws/install/look_at_that_ros:/workspaces/bdai/projects/watch_understand_do/ws/install/diagnose_repair_ros:/workspaces/bdai/projects/tir/ws/install/ur_pick_and_place_ros:/workspaces/bdai/projects/storefront/ws/install/spot_dancing:/workspaces/bdai/ws/install/utilities:/workspaces/bdai/ws/install/spot_spotter:/workspaces/bdai/ws/install/spot_driver:/workspaces/bdai/ws/install/simple_walk_forward:/workspaces/bdai/ws/install/simple_arm_motion:/workspaces/bdai/ws/install/mocap_driver_utilities:/workspaces/bdai/ws/install/camera_interfaces:/workspaces/bdai/ws/install/bdai_ros2_wrappers:/workspaces/bdai/ws/install/bdai_ros:/opt/ros/humble /usr/bin/cmake /workspaces/bdai/bosdyn_msgs -DCMAKE_INSTALL_PREFIX=/workspaces/bdai/bosdyn_msgs/install/bosdyn_msgs
[0.214s] -- The C compiler identification is GNU 11.4.0
[0.270s] -- The CXX compiler identification is GNU 11.4.0
[0.278s] -- Detecting C compiler ABI info
[0.328s] -- Detecting C compiler ABI info - done
[0.332s] -- Check for working C compiler: /usr/bin/cc - skipped
[0.332s] -- Detecting C compile features
[0.333s] -- Detecting C compile features - done
[0.335s] -- Detecting CXX compiler ABI info
[0.398s] -- Detecting CXX compiler ABI info - done
[0.408s] -- Check for working CXX compiler: /usr/bin/c++ - skipped
[0.408s] -- Detecting CXX compile features
[0.408s] -- Detecting CXX compile features - done
[0.417s] -- Found ament_cmake: 1.3.5 (/opt/ros/humble/share/ament_cmake/cmake)
[1.282s] -- Found Python3: /usr/bin/python3.10 (found version "3.10.12") found components: Interpreter 
[1.438s] -- Found builtin_interfaces: 1.2.1 (/opt/ros/humble/share/builtin_interfaces/cmake)
[1.494s] -- Found rosidl_generator_c: 3.1.5 (/opt/ros/humble/share/rosidl_generator_c/cmake)
[1.503s] -- Found rosidl_adapter: 3.1.5 (/opt/ros/humble/share/rosidl_adapter/cmake)
[1.516s] -- Found rosidl_generator_cpp: 3.1.5 (/opt/ros/humble/share/rosidl_generator_cpp/cmake)
[1.534s] -- Using all available rosidl_typesupport_c: rosidl_typesupport_fastrtps_c;rosidl_typesupport_introspection_c
[1.558s] -- Using all available rosidl_typesupport_cpp: rosidl_typesupport_fastrtps_cpp;rosidl_typesupport_introspection_cpp
[1.581s] -- Found common_interfaces: 4.2.3 (/opt/ros/humble/share/common_interfaces/cmake)
[1.585s] -- Found std_msgs: 4.2.3 (/opt/ros/humble/share/std_msgs/cmake)
[1.610s] -- Found geometry_msgs: 4.2.3 (/opt/ros/humble/share/geometry_msgs/cmake)
[1.641s] -- Found sensor_msgs: 4.2.3 (/opt/ros/humble/share/sensor_msgs/cmake)
[1.695s] -- Found rosidl_default_generators: 1.2.0 (/opt/ros/humble/share/rosidl_default_generators/cmake)
[2.634s] [31mCMake Error at /opt/ros/humble/share/rosidl_adapter/cmake/rosidl_adapt_interfaces.cmake:59 (message):
[2.634s]   execute_process(/usr/bin/python3.10 -m rosidl_adapter --package-name
[2.634s]   bosdyn_msgs --arguments-file
[2.634s]   /workspaces/bdai/bosdyn_msgs/build/bosdyn_msgs/rosidl_adapter__arguments__bosdyn_msgs.json
[2.634s]   --output-dir
[2.634s]   /workspaces/bdai/bosdyn_msgs/build/bosdyn_msgs/rosidl_adapter/bosdyn_msgs
[2.634s]   --output-file
[2.634s]   /workspaces/bdai/bosdyn_msgs/build/bosdyn_msgs/rosidl_adapter/bosdyn_msgs.idls)
[2.634s]   returned error code 1:
[2.634s] 
[2.634s]   Traceback (most recent call last):
[2.634s] 
[2.635s]     File "/usr/lib/python3.10/runpy.py", line 196, in _run_module_as_main
[2.635s]       return _run_code(code, main_globals, None,
[2.635s]     File "/usr/lib/python3.10/runpy.py", line 86, in _run_code
[2.635s]       exec(code, run_globals)
[2.635s]     File "/opt/ros/humble/local/lib/python3.10/dist-packages/rosidl_adapter/__main__.py", line 19, in <module>
[2.635s]       sys.exit(main())
[2.635s]     File "/opt/ros/humble/local/lib/python3.10/dist-packages/rosidl_adapter/main.py", line 53, in main
[2.635s]       abs_idl_file = convert_to_idl(
[2.635s]     File "/opt/ros/humble/local/lib/python3.10/dist-packages/rosidl_adapter/__init__.py", line 19, in convert_to_idl
[2.635s]       return convert_msg_to_idl(
[2.635s]     File "/opt/ros/humble/local/lib/python3.10/dist-packages/rosidl_adapter/msg/__init__.py", line 28, in convert_msg_to_idl
[2.635s]       msg = parse_message_string(package_name, input_file.stem, content)
[2.635s]     File "/opt/ros/humble/local/lib/python3.10/dist-packages/rosidl_adapter/parser.py", line 535, in parse_message_string
[2.635s]       constants.append(Constant(type_string, name, value))
[2.636s]     File "/opt/ros/humble/local/lib/python3.10/dist-packages/rosidl_adapter/parser.py", line 320, in __init__
[2.636s]       raise NameError(
[2.636s] 
[2.636s]   NameError: 'reserved' is an invalid constant name.  It should have the
[2.636s]   pattern '^[A-Z]([A-Z0-9_]?[A-Z0-9]+)*$'
[2.636s] 
[2.636s] Call Stack (most recent call first):
[2.636s]   /opt/ros/humble/share/rosidl_cmake/cmake/rosidl_generate_interfaces.cmake:130 (rosidl_adapt_interfaces)
[2.636s]   CMakeLists.txt:19 (rosidl_generate_interfaces)
[2.636s] 
[2.636s] [0m
[2.636s] -- Configuring incomplete, errors occurred!
[2.636s] See also "/workspaces/bdai/bosdyn_msgs/build/bosdyn_msgs/CMakeFiles/CMakeOutput.log".
[2.640s] Invoked command in '/workspaces/bdai/bosdyn_msgs/build/bosdyn_msgs' returned '1': CMAKE_PREFIX_PATH=${CMAKE_PREFIX_PATH}:/workspaces/bdai/projects/watch_understand_do/ws/install/visual_servoing:/workspaces/bdai/projects/watch_understand_do/ws/install/primitives_ros:/workspaces/bdai/projects/watch_understand_do/ws/install/look_at_that_ros:/workspaces/bdai/projects/watch_understand_do/ws/install/diagnose_repair_ros:/workspaces/bdai/projects/tir/ws/install/ur_pick_and_place_ros:/workspaces/bdai/projects/storefront/ws/install/spot_dancing:/workspaces/bdai/ws/install/utilities:/workspaces/bdai/ws/install/spot_spotter:/workspaces/bdai/ws/install/spot_driver:/workspaces/bdai/ws/install/simple_walk_forward:/workspaces/bdai/ws/install/simple_arm_motion:/workspaces/bdai/ws/install/mocap_driver_utilities:/workspaces/bdai/ws/install/camera_interfaces:/workspaces/bdai/ws/install/bdai_ros2_wrappers:/workspaces/bdai/ws/install/bdai_ros:/opt/ros/humble /usr/bin/cmake /workspaces/bdai/bosdyn_msgs -DCMAKE_INSTALL_PREFIX=/workspaces/bdai/bosdyn_msgs/install/bosdyn_msgs
