[1.056s] DEBUG:colcon:Command line arguments: ['/usr/bin/colcon', 'build']
[1.056s] DEBUG:colcon:Parsed command line arguments: Namespace(log_base=None, log_level=None, verb_name='build', build_base='build', install_base='install', merge_install=False, symlink_install=False, test_result_base=None, continue_on_error=False, executor='parallel', parallel_workers=16, event_handlers=None, ignore_user_meta=False, metas=['./colcon.meta'], base_paths=['.'], packages_ignore=None, packages_ignore_regex=None, paths=None, packages_up_to=None, packages_up_to_regex=None, packages_above=None, packages_above_and_dependencies=None, packages_above_depth=None, packages_select_by_dep=None, packages_skip_by_dep=None, packages_skip_up_to=None, packages_select_build_failed=False, packages_skip_build_finished=False, packages_select_test_failures=False, packages_skip_test_passed=False, packages_select=None, packages_skip=None, packages_select_regex=None, packages_skip_regex=None, packages_start=None, packages_end=None, cmake_args=None, cmake_target=None, cmake_target_skip_unavailable=False, cmake_clean_cache=False, cmake_clean_first=False, cmake_force_configure=False, ament_cmake_args=None, catkin_cmake_args=None, catkin_skip_building_tests=False, mixin_files=None, mixin=None, verb_parser=<colcon_mixin.mixin.mixin_argument.MixinArgumentDecorator object at 0x7fdd12563940>, verb_extension=<colcon_core.verb.build.BuildVerb object at 0x7fdd12563340>, main=<bound method BuildVerb.main of <colcon_core.verb.build.BuildVerb object at 0x7fdd12563340>>, mixin_verb=('build',))
[1.114s] Level 1:colcon.colcon_core.package_discovery:discover_packages(colcon_meta) check parameters
[1.114s] Level 1:colcon.colcon_core.package_discovery:discover_packages(recursive) check parameters
[1.114s] Level 1:colcon.colcon_core.package_discovery:discover_packages(ignore) check parameters
[1.114s] Level 1:colcon.colcon_core.package_discovery:discover_packages(path) check parameters
[1.114s] Level 1:colcon.colcon_core.package_discovery:discover_packages(colcon_meta) discover
[1.114s] Level 1:colcon.colcon_core.package_discovery:discover_packages(recursive) discover
[1.114s] INFO:colcon.colcon_core.package_discovery:Crawling recursively for packages in '/workspaces/bdai/bosdyn_msgs'
[1.114s] Level 1:colcon.colcon_core.package_identification:_identify(.) by extensions ['ignore', 'ignore_ament_install']
[1.114s] Level 1:colcon.colcon_core.package_identification:_identify(.) by extension 'ignore'
[1.114s] Level 1:colcon.colcon_core.package_identification:_identify(.) by extension 'ignore_ament_install'
[1.114s] Level 1:colcon.colcon_core.package_identification:_identify(.) by extensions ['colcon_pkg']
[1.114s] Level 1:colcon.colcon_core.package_identification:_identify(.) by extension 'colcon_pkg'
[1.114s] Level 1:colcon.colcon_core.package_identification:_identify(.) by extensions ['colcon_meta']
[1.114s] Level 1:colcon.colcon_core.package_identification:_identify(.) by extension 'colcon_meta'
[1.115s] Level 1:colcon.colcon_core.package_identification:_identify(.) by extensions ['ros']
[1.115s] Level 1:colcon.colcon_core.package_identification:_identify(.) by extension 'ros'
[1.126s] DEBUG:colcon.colcon_core.package_identification:Package '.' with type 'ros.ament_cmake' and name 'bosdyn_msgs'
[1.126s] Level 1:colcon.colcon_core.package_discovery:discover_packages(recursive) using defaults
[1.126s] Level 1:colcon.colcon_core.package_discovery:discover_packages(ignore) discover
[1.126s] Level 1:colcon.colcon_core.package_discovery:discover_packages(ignore) using defaults
[1.126s] Level 1:colcon.colcon_core.package_discovery:discover_packages(path) discover
[1.126s] Level 1:colcon.colcon_core.package_discovery:discover_packages(path) using defaults
[1.182s] Level 5:colcon.colcon_core.verb:set package 'bosdyn_msgs' build argument 'cmake_args' from command line to 'None'
[1.182s] Level 5:colcon.colcon_core.verb:set package 'bosdyn_msgs' build argument 'cmake_target' from command line to 'None'
[1.182s] Level 5:colcon.colcon_core.verb:set package 'bosdyn_msgs' build argument 'cmake_target_skip_unavailable' from command line to 'False'
[1.182s] Level 5:colcon.colcon_core.verb:set package 'bosdyn_msgs' build argument 'cmake_clean_cache' from command line to 'False'
[1.182s] Level 5:colcon.colcon_core.verb:set package 'bosdyn_msgs' build argument 'cmake_clean_first' from command line to 'False'
[1.182s] Level 5:colcon.colcon_core.verb:set package 'bosdyn_msgs' build argument 'cmake_force_configure' from command line to 'False'
[1.182s] Level 5:colcon.colcon_core.verb:set package 'bosdyn_msgs' build argument 'ament_cmake_args' from command line to 'None'
[1.182s] Level 5:colcon.colcon_core.verb:set package 'bosdyn_msgs' build argument 'catkin_cmake_args' from command line to 'None'
[1.182s] Level 5:colcon.colcon_core.verb:set package 'bosdyn_msgs' build argument 'catkin_skip_building_tests' from command line to 'False'
[1.182s] DEBUG:colcon.colcon_core.verb:Building package 'bosdyn_msgs' with the following arguments: {'ament_cmake_args': None, 'build_base': '/workspaces/bdai/bosdyn_msgs/build/bosdyn_msgs', 'catkin_cmake_args': None, 'catkin_skip_building_tests': False, 'cmake_args': None, 'cmake_clean_cache': False, 'cmake_clean_first': False, 'cmake_force_configure': False, 'cmake_target': None, 'cmake_target_skip_unavailable': False, 'install_base': '/workspaces/bdai/bosdyn_msgs/install/bosdyn_msgs', 'merge_install': False, 'path': '/workspaces/bdai/bosdyn_msgs', 'symlink_install': False, 'test_result_base': None}
[1.193s] INFO:colcon.colcon_core.executor:Executing jobs using 'parallel' executor
[1.205s] DEBUG:colcon.colcon_parallel_executor.executor.parallel:run_until_complete
[1.205s] INFO:colcon.colcon_ros.task.ament_cmake.build:Building ROS package in '/workspaces/bdai/bosdyn_msgs' with build type 'ament_cmake'
[1.205s] INFO:colcon.colcon_cmake.task.cmake.build:Building CMake package in '/workspaces/bdai/bosdyn_msgs'
[1.218s] INFO:colcon.colcon_core.plugin_system:Skipping extension 'colcon_core.shell.bat': Not used on non-Windows systems
[1.218s] INFO:colcon.colcon_core.shell:Skip shell extension 'powershell' for command environment: Not usable outside of PowerShell
[1.218s] DEBUG:colcon.colcon_core.shell:Skip shell extension 'dsv' for command environment
[1.331s] DEBUG:colcon.colcon_core.event_handler.log_command:Invoking command in '/workspaces/bdai/bosdyn_msgs/build/bosdyn_msgs': CMAKE_PREFIX_PATH=${CMAKE_PREFIX_PATH}:/workspaces/bdai/projects/watch_understand_do/ws/install/visual_servoing:/workspaces/bdai/projects/watch_understand_do/ws/install/primitives_ros:/workspaces/bdai/projects/watch_understand_do/ws/install/look_at_that_ros:/workspaces/bdai/projects/watch_understand_do/ws/install/diagnose_repair_ros:/workspaces/bdai/projects/tir/ws/install/ur_pick_and_place_ros:/workspaces/bdai/projects/storefront/ws/install/spot_dancing:/workspaces/bdai/ws/install/utilities:/workspaces/bdai/ws/install/spot_spotter:/workspaces/bdai/ws/install/spot_driver:/workspaces/bdai/ws/install/simple_walk_forward:/workspaces/bdai/ws/install/simple_arm_motion:/workspaces/bdai/ws/install/mocap_driver_utilities:/workspaces/bdai/ws/install/camera_interfaces:/workspaces/bdai/ws/install/bdai_ros2_wrappers:/workspaces/bdai/ws/install/bdai_ros:/opt/ros/humble /usr/bin/cmake /workspaces/bdai/bosdyn_msgs -DCMAKE_INSTALL_PREFIX=/workspaces/bdai/bosdyn_msgs/install/bosdyn_msgs
[3.845s] DEBUG:colcon.colcon_core.event_handler.log_command:Invoked command in '/workspaces/bdai/bosdyn_msgs/build/bosdyn_msgs' returned '1': CMAKE_PREFIX_PATH=${CMAKE_PREFIX_PATH}:/workspaces/bdai/projects/watch_understand_do/ws/install/visual_servoing:/workspaces/bdai/projects/watch_understand_do/ws/install/primitives_ros:/workspaces/bdai/projects/watch_understand_do/ws/install/look_at_that_ros:/workspaces/bdai/projects/watch_understand_do/ws/install/diagnose_repair_ros:/workspaces/bdai/projects/tir/ws/install/ur_pick_and_place_ros:/workspaces/bdai/projects/storefront/ws/install/spot_dancing:/workspaces/bdai/ws/install/utilities:/workspaces/bdai/ws/install/spot_spotter:/workspaces/bdai/ws/install/spot_driver:/workspaces/bdai/ws/install/simple_walk_forward:/workspaces/bdai/ws/install/simple_arm_motion:/workspaces/bdai/ws/install/mocap_driver_utilities:/workspaces/bdai/ws/install/camera_interfaces:/workspaces/bdai/ws/install/bdai_ros2_wrappers:/workspaces/bdai/ws/install/bdai_ros:/opt/ros/humble /usr/bin/cmake /workspaces/bdai/bosdyn_msgs -DCMAKE_INSTALL_PREFIX=/workspaces/bdai/bosdyn_msgs/install/bosdyn_msgs
[3.854s] Level 1:colcon.colcon_core.environment:create_environment_scripts_only(bosdyn_msgs)
[3.868s] Level 1:colcon.colcon_core.environment:checking '/workspaces/bdai/bosdyn_msgs/install/bosdyn_msgs' for CMake module files
[3.868s] Level 1:colcon.colcon_core.environment:checking '/workspaces/bdai/bosdyn_msgs/install/bosdyn_msgs' for CMake config files
[3.868s] Level 1:colcon.colcon_core.environment:checking '/workspaces/bdai/bosdyn_msgs/install/bosdyn_msgs/bin'
[3.868s] Level 1:colcon.colcon_core.environment:checking '/workspaces/bdai/bosdyn_msgs/install/bosdyn_msgs/lib/pkgconfig/bosdyn_msgs.pc'
[3.869s] Level 1:colcon.colcon_core.environment:checking '/workspaces/bdai/bosdyn_msgs/install/bosdyn_msgs/lib/python3.10/site-packages'
[3.869s] Level 1:colcon.colcon_core.environment:checking '/workspaces/bdai/bosdyn_msgs/install/bosdyn_msgs/bin'
[3.880s] INFO:colcon.colcon_core.shell:Creating package script '/workspaces/bdai/bosdyn_msgs/install/bosdyn_msgs/share/bosdyn_msgs/package.ps1'
[3.881s] INFO:colcon.colcon_core.shell:Creating package descriptor '/workspaces/bdai/bosdyn_msgs/install/bosdyn_msgs/share/bosdyn_msgs/package.dsv'
[3.881s] INFO:colcon.colcon_core.shell:Creating package script '/workspaces/bdai/bosdyn_msgs/install/bosdyn_msgs/share/bosdyn_msgs/package.sh'
[3.881s] INFO:colcon.colcon_core.shell:Creating package script '/workspaces/bdai/bosdyn_msgs/install/bosdyn_msgs/share/bosdyn_msgs/package.bash'
[3.882s] INFO:colcon.colcon_core.shell:Creating package script '/workspaces/bdai/bosdyn_msgs/install/bosdyn_msgs/share/bosdyn_msgs/package.zsh'
[3.882s] Level 1:colcon.colcon_core.environment:create_file_with_runtime_dependencies(/workspaces/bdai/bosdyn_msgs/install/bosdyn_msgs/share/colcon-core/packages/bosdyn_msgs)
[3.892s] DEBUG:colcon.colcon_parallel_executor.executor.parallel:closing loop
[3.892s] DEBUG:colcon.colcon_parallel_executor.executor.parallel:loop closed
[3.892s] DEBUG:colcon.colcon_parallel_executor.executor.parallel:run_until_complete finished with '1'
[3.892s] DEBUG:colcon.colcon_core.event_reactor:joining thread
[3.911s] INFO:colcon.colcon_core.plugin_system:Skipping extension 'colcon_notification.desktop_notification.notify_send': Could not find 'notify-send'
[3.911s] INFO:colcon.colcon_core.plugin_system:Skipping extension 'colcon_notification.desktop_notification.terminal_notifier': Not used on non-Darwin systems
[3.911s] INFO:colcon.colcon_core.plugin_system:Skipping extension 'colcon_notification.desktop_notification.win32': Not used on non-Windows systems
[3.911s] INFO:colcon.colcon_notification.desktop_notification:Sending desktop notification using 'notify2'
[3.926s] DEBUG:colcon.colcon_notification.desktop_notification.notify2:Failed to initialize notify2: org.freedesktop.DBus.Error.ServiceUnknown: The name org.freedesktop.Notifications was not provided by any .service files
[3.926s] DEBUG:colcon.colcon_core.event_reactor:joined thread
[3.938s] INFO:colcon.colcon_core.shell:Creating prefix script '/workspaces/bdai/bosdyn_msgs/install/local_setup.ps1'
[3.939s] INFO:colcon.colcon_core.shell:Creating prefix util module '/workspaces/bdai/bosdyn_msgs/install/_local_setup_util_ps1.py'
[3.939s] INFO:colcon.colcon_core.shell:Creating prefix chain script '/workspaces/bdai/bosdyn_msgs/install/setup.ps1'
[3.951s] INFO:colcon.colcon_core.shell:Creating prefix script '/workspaces/bdai/bosdyn_msgs/install/local_setup.sh'
[3.951s] INFO:colcon.colcon_core.shell:Creating prefix util module '/workspaces/bdai/bosdyn_msgs/install/_local_setup_util_sh.py'
[3.952s] INFO:colcon.colcon_core.shell:Creating prefix chain script '/workspaces/bdai/bosdyn_msgs/install/setup.sh'
[3.963s] INFO:colcon.colcon_core.shell:Creating prefix script '/workspaces/bdai/bosdyn_msgs/install/local_setup.bash'
[3.963s] INFO:colcon.colcon_core.shell:Creating prefix chain script '/workspaces/bdai/bosdyn_msgs/install/setup.bash'
[3.975s] INFO:colcon.colcon_core.shell:Creating prefix script '/workspaces/bdai/bosdyn_msgs/install/local_setup.zsh'
[3.975s] INFO:colcon.colcon_core.shell:Creating prefix chain script '/workspaces/bdai/bosdyn_msgs/install/setup.zsh'
