-- Found ament_cmake: 1.3.5 (/opt/ros/humble/share/ament_cmake/cmake)
-- Found builtin_interfaces: 1.2.1 (/opt/ros/humble/share/builtin_interfaces/cmake)
-- Found rosidl_generator_c: 3.1.5 (/opt/ros/humble/share/rosidl_generator_c/cmake)
-- Found rosidl_adapter: 3.1.5 (/opt/ros/humble/share/rosidl_adapter/cmake)
-- Found rosidl_generator_cpp: 3.1.5 (/opt/ros/humble/share/rosidl_generator_cpp/cmake)
-- Using all available rosidl_typesupport_c: rosidl_typesupport_fastrtps_c;rosidl_typesupport_introspection_c
-- Using all available rosidl_typesupport_cpp: rosidl_typesupport_fastrtps_cpp;rosidl_typesupport_introspection_cpp
-- Found common_interfaces: 4.2.3 (/opt/ros/humble/share/common_interfaces/cmake)
-- Found std_msgs: 4.2.3 (/opt/ros/humble/share/std_msgs/cmake)
-- Found geometry_msgs: 4.2.3 (/opt/ros/humble/share/geometry_msgs/cmake)
-- Found sensor_msgs: 4.2.3 (/opt/ros/humble/share/sensor_msgs/cmake)
-- Found rosidl_default_generators: 1.2.0 (/opt/ros/humble/share/rosidl_default_generators/cmake)
-- Found ament_cmake_ros: 0.10.0 (/opt/ros/humble/share/ament_cmake_ros/cmake)
-- Using all available rosidl_typesupport_c: rosidl_typesupport_fastrtps_c;rosidl_typesupport_introspection_c
-- Using all available rosidl_typesupport_cpp: rosidl_typesupport_fastrtps_cpp;rosidl_typesupport_introspection_cpp
-- Found PythonInterp: /usr/bin/python3 (found suitable version "3.10.12", minimum required is "3.6") 
-- Found python_cmake_module: 0.10.0 (/opt/ros/humble/share/python_cmake_module/cmake)
-- Found PythonLibs: /usr/lib/x86_64-linux-gnu/libpython3.10.so (found suitable version "3.10.12", minimum required is "3.5") 
-- Using PYTHON_EXECUTABLE: /usr/bin/python3
-- Using PYTHON_INCLUDE_DIRS: /usr/include/python3.10
-- Using PYTHON_LIBRARIES: /usr/lib/x86_64-linux-gnu/libpython3.10.so
-- Found PythonExtra: .so  
-- Using numpy include directory: /usr/local/lib/python3.10/dist-packages/numpy/core/include
-- Found ament_lint_auto: 0.12.8 (/opt/ros/humble/share/ament_lint_auto/cmake)
-- Added test 'cppcheck' to perform static code analysis on C / C++ code
-- Configured cppcheck include dirs: $<BUILD_INTERFACE:/workspaces/bdai/bosdyn_msgs/build/bosdyn_msgs/rosidl_generator_c>;$<BUILD_INTERFACE:/workspaces/bdai/bosdyn_msgs/build/bosdyn_msgs/rosidl_typesupport_fastrtps_c>;$<BUILD_INTERFACE:/workspaces/bdai/bosdyn_msgs/build/bosdyn_msgs/rosidl_generator_cpp>;$<BUILD_INTERFACE:/workspaces/bdai/bosdyn_msgs/build/bosdyn_msgs/rosidl_typesupport_fastrtps_cpp>;$<BUILD_INTERFACE:/workspaces/bdai/bosdyn_msgs/build/bosdyn_msgs/rosidl_typesupport_introspection_c>;$<BUILD_INTERFACE:/workspaces/bdai/bosdyn_msgs/build/bosdyn_msgs/rosidl_typesupport_introspection_cpp>;/workspaces/bdai/bosdyn_msgs/build/bosdyn_msgs/rosidl_generator_c;/workspaces/bdai/bosdyn_msgs/build/bosdyn_msgs/rosidl_generator_py
-- Configured cppcheck exclude dirs and/or files: 
-- Added test 'flake8' to check Python code syntax and style conventions
-- Added test 'lint_cmake' to check CMake code style
-- Added test 'pep257' to check Python code against some of the docstring style conventions in PEP 257
-- Added test 'uncrustify' to check C / C++ code style
-- Configured uncrustify additional arguments: 
-- Added test 'xmllint' to check XML markup files
-- Configuring done
-- Generating done
-- Build files have been written to: /workspaces/bdai/bosdyn_msgs/build/bosdyn_msgs
[  0%] Built target ament_cmake_python_copy_bosdyn_msgs
[  0%] [34m[1mGenerating C code for ROS interfaces[0m
[  0%] [34m[1mGenerating C++ code for ROS interfaces[0m
running egg_info
creating bosdyn_msgs.egg-info
writing bosdyn_msgs.egg-info/PKG-INFO
writing dependency_links to bosdyn_msgs.egg-info/dependency_links.txt
writing top-level names to bosdyn_msgs.egg-info/top_level.txt
writing manifest file 'bosdyn_msgs.egg-info/SOURCES.txt'
reading manifest file 'bosdyn_msgs.egg-info/SOURCES.txt'
writing manifest file 'bosdyn_msgs.egg-info/SOURCES.txt'
[  0%] Built target ament_cmake_python_build_bosdyn_msgs_egg
[  0%] Built target bosdyn_msgs__cpp
[  0%] [34m[1mGenerating C++ type support dispatch for ROS interfaces[0m
[  0%] [34m[1mGenerating C++ type support for eProsima Fast-RTPS[0m
[  0%] [34m[1mGenerating C++ introspection for ROS interfaces[0m
[  0%] [32mBuilding C object CMakeFiles/bosdyn_msgs__rosidl_generator_c.dir/rosidl_generator_c/bosdyn_msgs/msg/detail/acquire_lease_response__functions.c.o[0m
[  0%] [32mBuilding C object CMakeFiles/bosdyn_msgs__rosidl_generator_c.dir/rosidl_generator_c/bosdyn_msgs/msg/detail/acquire_data_request__functions.c.o[0m
[  0%] [32mBuilding C object CMakeFiles/bosdyn_msgs__rosidl_generator_c.dir/rosidl_generator_c/bosdyn_msgs/msg/detail/acquire_plugin_data_request__functions.c.o[0m
[  0%] [32mBuilding C object CMakeFiles/bosdyn_msgs__rosidl_generator_c.dir/rosidl_generator_c/bosdyn_msgs/msg/detail/acquire_lease_request__functions.c.o[0m
[  0%] [32mBuilding C object CMakeFiles/bosdyn_msgs__rosidl_generator_c.dir/rosidl_generator_c/bosdyn_msgs/msg/detail/acquire_lease_response_status__functions.c.o[0m
[  0%] [32mBuilding C object CMakeFiles/bosdyn_msgs__rosidl_generator_c.dir/rosidl_generator_c/bosdyn_msgs/msg/detail/acquire_data_response__functions.c.o[0m
[  0%] [32mBuilding C object CMakeFiles/bosdyn_msgs__rosidl_generator_c.dir/rosidl_generator_c/bosdyn_msgs/msg/detail/acquire_plugin_data_response_status__functions.c.o[0m
[  0%] [32mBuilding C object CMakeFiles/bosdyn_msgs__rosidl_generator_c.dir/rosidl_generator_c/bosdyn_msgs/msg/detail/acquire_plugin_data_response__functions.c.o[0m
[  0%] [32mBuilding C object CMakeFiles/bosdyn_msgs__rosidl_generator_c.dir/rosidl_generator_c/bosdyn_msgs/msg/detail/acquire_data_response_status__functions.c.o[0m
[  0%] [32mBuilding C object CMakeFiles/bosdyn_msgs__rosidl_generator_c.dir/rosidl_generator_c/bosdyn_msgs/msg/detail/acquisition_capability_list__functions.c.o[0m
[  0%] [32mBuilding C object CMakeFiles/bosdyn_msgs__rosidl_generator_c.dir/rosidl_generator_c/bosdyn_msgs/msg/detail/action_after__functions.c.o[0m
[  0%] [32mBuilding C object CMakeFiles/bosdyn_msgs__rosidl_generator_c.dir/rosidl_generator_c/bosdyn_msgs/msg/detail/action__functions.c.o[0m
[  0%] [32mBuilding C object CMakeFiles/bosdyn_msgs__rosidl_generator_c.dir/rosidl_generator_c/bosdyn_msgs/msg/detail/acquisition_request_list__functions.c.o[0m
[  0%] [32mBuilding CXX object CMakeFiles/bosdyn_msgs__rosidl_typesupport_cpp.dir/rosidl_typesupport_cpp/bosdyn_msgs/msg/acquire_data_response__type_support.cpp.o[0m
[  0%] [32mBuilding CXX object CMakeFiles/bosdyn_msgs__rosidl_typesupport_cpp.dir/rosidl_typesupport_cpp/bosdyn_msgs/msg/acquire_data_response_status__type_support.cpp.o[0m
[  0%] [32mBuilding CXX object CMakeFiles/bosdyn_msgs__rosidl_typesupport_cpp.dir/rosidl_typesupport_cpp/bosdyn_msgs/msg/acquire_lease_response__type_support.cpp.o[0m
[  0%] [32mBuilding CXX object CMakeFiles/bosdyn_msgs__rosidl_typesupport_cpp.dir/rosidl_typesupport_cpp/bosdyn_msgs/msg/acquire_lease_request__type_support.cpp.o[0m
[  0%] [32mBuilding CXX object CMakeFiles/bosdyn_msgs__rosidl_typesupport_cpp.dir/rosidl_typesupport_cpp/bosdyn_msgs/msg/acquire_lease_response_status__type_support.cpp.o[0m
[  0%] [32mBuilding CXX object CMakeFiles/bosdyn_msgs__rosidl_typesupport_cpp.dir/rosidl_typesupport_cpp/bosdyn_msgs/msg/acquire_data_request__type_support.cpp.o[0m
[  0%] [32mBuilding CXX object CMakeFiles/bosdyn_msgs__rosidl_typesupport_cpp.dir/rosidl_typesupport_cpp/bosdyn_msgs/msg/acquire_plugin_data_response_status__type_support.cpp.o[0m
[  0%] [32mBuilding CXX object CMakeFiles/bosdyn_msgs__rosidl_typesupport_cpp.dir/rosidl_typesupport_cpp/bosdyn_msgs/msg/acquire_plugin_data_response__type_support.cpp.o[0m
[  0%] [32mBuilding CXX object CMakeFiles/bosdyn_msgs__rosidl_typesupport_cpp.dir/rosidl_typesupport_cpp/bosdyn_msgs/msg/acquisition_capability_list__type_support.cpp.o[0m
[  0%] [32mBuilding CXX object CMakeFiles/bosdyn_msgs__rosidl_typesupport_cpp.dir/rosidl_typesupport_cpp/bosdyn_msgs/msg/action__type_support.cpp.o[0m
[  0%] [32mBuilding CXX object CMakeFiles/bosdyn_msgs__rosidl_typesupport_cpp.dir/rosidl_typesupport_cpp/bosdyn_msgs/msg/acquire_plugin_data_request__type_support.cpp.o[0m
[  0%] [32mBuilding CXX object CMakeFiles/bosdyn_msgs__rosidl_typesupport_cpp.dir/rosidl_typesupport_cpp/bosdyn_msgs/msg/acquisition_request_list__type_support.cpp.o[0m
[  0%] [32mBuilding CXX object CMakeFiles/bosdyn_msgs__rosidl_typesupport_cpp.dir/rosidl_typesupport_cpp/bosdyn_msgs/msg/action_after__type_support.cpp.o[0m
[  0%] [32mBuilding CXX object CMakeFiles/bosdyn_msgs__rosidl_typesupport_cpp.dir/rosidl_typesupport_cpp/bosdyn_msgs/msg/action_after_auto_return__type_support.cpp.o[0m
[  0%] [32mBuilding CXX object CMakeFiles/bosdyn_msgs__rosidl_typesupport_cpp.dir/rosidl_typesupport_cpp/bosdyn_msgs/msg/action_after_controlled_motors_off__type_support.cpp.o[0m
[  0%] [32mBuilding CXX object CMakeFiles/bosdyn_msgs__rosidl_typesupport_cpp.dir/rosidl_typesupport_cpp/bosdyn_msgs/msg/action_after_immediate_robot_off__type_support.cpp.o[0m
[  0%] [32mBuilding CXX object CMakeFiles/bosdyn_msgs__rosidl_typesupport_cpp.dir/rosidl_typesupport_cpp/bosdyn_msgs/msg/action_after_lease_stale__type_support.cpp.o[0m
[  0%] [32mBuilding CXX object CMakeFiles/bosdyn_msgs__rosidl_typesupport_cpp.dir/rosidl_typesupport_cpp/bosdyn_msgs/msg/action_after_one_of_action__type_support.cpp.o[0m
[  0%] [32mBuilding CXX object CMakeFiles/bosdyn_msgs__rosidl_typesupport_cpp.dir/rosidl_typesupport_cpp/bosdyn_msgs/msg/action_after_record_event__type_support.cpp.o[0m
[  0%] [32mBuilding CXX object CMakeFiles/bosdyn_msgs__rosidl_typesupport_introspection_cpp.dir/rosidl_typesupport_introspection_cpp/bosdyn_msgs/msg/detail/acquire_lease_response__type_support.cpp.o[0m
[  0%] [32mBuilding CXX object CMakeFiles/bosdyn_msgs__rosidl_typesupport_introspection_cpp.dir/rosidl_typesupport_introspection_cpp/bosdyn_msgs/msg/detail/acquire_data_response_status__type_support.cpp.o[0m
[  0%] [32mBuilding CXX object CMakeFiles/bosdyn_msgs__rosidl_typesupport_introspection_cpp.dir/rosidl_typesupport_introspection_cpp/bosdyn_msgs/msg/detail/acquire_data_request__type_support.cpp.o[0m
[  0%] [32mBuilding CXX object CMakeFiles/bosdyn_msgs__rosidl_typesupport_introspection_cpp.dir/rosidl_typesupport_introspection_cpp/bosdyn_msgs/msg/detail/acquire_plugin_data_request__type_support.cpp.o[0m
[  0%] [32mBuilding CXX object CMakeFiles/bosdyn_msgs__rosidl_typesupport_introspection_cpp.dir/rosidl_typesupport_introspection_cpp/bosdyn_msgs/msg/detail/acquire_lease_response_status__type_support.cpp.o[0m
[  0%] [32mBuilding CXX object CMakeFiles/bosdyn_msgs__rosidl_typesupport_introspection_cpp.dir/rosidl_typesupport_introspection_cpp/bosdyn_msgs/msg/detail/acquire_data_response__type_support.cpp.o[0m
[  0%] [32mBuilding CXX object CMakeFiles/bosdyn_msgs__rosidl_typesupport_introspection_cpp.dir/rosidl_typesupport_introspection_cpp/bosdyn_msgs/msg/detail/acquire_lease_request__type_support.cpp.o[0m
[  0%] [32mBuilding CXX object CMakeFiles/bosdyn_msgs__rosidl_typesupport_introspection_cpp.dir/rosidl_typesupport_introspection_cpp/bosdyn_msgs/msg/detail/acquisition_capability_list__type_support.cpp.o[0m
[  0%] [32mBuilding CXX object CMakeFiles/bosdyn_msgs__rosidl_typesupport_introspection_cpp.dir/rosidl_typesupport_introspection_cpp/bosdyn_msgs/msg/detail/acquisition_request_list__type_support.cpp.o[0m
[  0%] [32mBuilding CXX object CMakeFiles/bosdyn_msgs__rosidl_typesupport_introspection_cpp.dir/rosidl_typesupport_introspection_cpp/bosdyn_msgs/msg/detail/acquire_plugin_data_response__type_support.cpp.o[0m
[  0%] [32mBuilding CXX object CMakeFiles/bosdyn_msgs__rosidl_typesupport_introspection_cpp.dir/rosidl_typesupport_introspection_cpp/bosdyn_msgs/msg/detail/action_after_auto_return__type_support.cpp.o[0m
[  0%] [32mBuilding CXX object CMakeFiles/bosdyn_msgs__rosidl_typesupport_introspection_cpp.dir/rosidl_typesupport_introspection_cpp/bosdyn_msgs/msg/detail/action_after_controlled_motors_off__type_support.cpp.o[0m
[  0%] [32mBuilding CXX object CMakeFiles/bosdyn_msgs__rosidl_typesupport_introspection_cpp.dir/rosidl_typesupport_introspection_cpp/bosdyn_msgs/msg/detail/action_after__type_support.cpp.o[0m
[  0%] [32mBuilding CXX object CMakeFiles/bosdyn_msgs__rosidl_typesupport_introspection_cpp.dir/rosidl_typesupport_introspection_cpp/bosdyn_msgs/msg/detail/action__type_support.cpp.o[0m
[  0%] [32mBuilding CXX object CMakeFiles/bosdyn_msgs__rosidl_typesupport_introspection_cpp.dir/rosidl_typesupport_introspection_cpp/bosdyn_msgs/msg/detail/acquire_plugin_data_response_status__type_support.cpp.o[0m
[  0%] [32mBuilding CXX object CMakeFiles/bosdyn_msgs__rosidl_typesupport_introspection_cpp.dir/rosidl_typesupport_introspection_cpp/bosdyn_msgs/msg/detail/action_after_lease_stale__type_support.cpp.o[0m
[  0%] [32mBuilding CXX object CMakeFiles/bosdyn_msgs__rosidl_typesupport_introspection_cpp.dir/rosidl_typesupport_introspection_cpp/bosdyn_msgs/msg/detail/action_after_one_of_action__type_support.cpp.o[0m
[  0%] [32mBuilding CXX object CMakeFiles/bosdyn_msgs__rosidl_typesupport_introspection_cpp.dir/rosidl_typesupport_introspection_cpp/bosdyn_msgs/msg/detail/action_after_immediate_robot_off__type_support.cpp.o[0m
[  0%] [32mBuilding CXX object CMakeFiles/bosdyn_msgs__rosidl_typesupport_introspection_cpp.dir/rosidl_typesupport_introspection_cpp/bosdyn_msgs/msg/detail/action_after_record_event__type_support.cpp.o[0m
[  0%] [32mBuilding CXX object CMakeFiles/bosdyn_msgs__rosidl_typesupport_introspection_cpp.dir/rosidl_typesupport_introspection_cpp/bosdyn_msgs/msg/detail/action_data_acquisition__type_support.cpp.o[0m
[  0%] [32mBuilding CXX object CMakeFiles/bosdyn_msgs__rosidl_typesupport_introspection_cpp.dir/rosidl_typesupport_introspection_cpp/bosdyn_msgs/msg/detail/action_id_query__type_support.cpp.o[0m
[  0%] [32mBuilding CXX object CMakeFiles/bosdyn_msgs__rosidl_typesupport_introspection_cpp.dir/rosidl_typesupport_introspection_cpp/bosdyn_msgs/msg/detail/action_one_of_action__type_support.cpp.o[0m
[  0%] [32mBuilding CXX object CMakeFiles/bosdyn_msgs__rosidl_typesupport_introspection_cpp.dir/rosidl_typesupport_introspection_cpp/bosdyn_msgs/msg/detail/action_remote_grpc__type_support.cpp.o[0m
[  0%] [32mBuilding CXX object CMakeFiles/bosdyn_msgs__rosidl_typesupport_fastrtps_cpp.dir/rosidl_typesupport_fastrtps_cpp/bosdyn_msgs/msg/detail/dds_fastrtps/acquire_lease_response_status__type_support.cpp.o[0m
[  0%] [32mBuilding CXX object CMakeFiles/bosdyn_msgs__rosidl_typesupport_fastrtps_cpp.dir/rosidl_typesupport_fastrtps_cpp/bosdyn_msgs/msg/detail/dds_fastrtps/acquire_lease_response__type_support.cpp.o[0m
[  0%] [32mBuilding CXX object CMakeFiles/bosdyn_msgs__rosidl_typesupport_fastrtps_cpp.dir/rosidl_typesupport_fastrtps_cpp/bosdyn_msgs/msg/detail/dds_fastrtps/acquire_data_request__type_support.cpp.o[0m
[  0%] [32mBuilding CXX object CMakeFiles/bosdyn_msgs__rosidl_typesupport_fastrtps_cpp.dir/rosidl_typesupport_fastrtps_cpp/bosdyn_msgs/msg/detail/dds_fastrtps/acquire_data_response__type_support.cpp.o[0m
[  0%] [32mBuilding CXX object CMakeFiles/bosdyn_msgs__rosidl_typesupport_fastrtps_cpp.dir/rosidl_typesupport_fastrtps_cpp/bosdyn_msgs/msg/detail/dds_fastrtps/acquire_data_response_status__type_support.cpp.o[0m
[  0%] [32mBuilding CXX object CMakeFiles/bosdyn_msgs__rosidl_typesupport_fastrtps_cpp.dir/rosidl_typesupport_fastrtps_cpp/bosdyn_msgs/msg/detail/dds_fastrtps/acquire_plugin_data_request__type_support.cpp.o[0m
[  0%] [32mBuilding CXX object CMakeFiles/bosdyn_msgs__rosidl_typesupport_fastrtps_cpp.dir/rosidl_typesupport_fastrtps_cpp/bosdyn_msgs/msg/detail/dds_fastrtps/acquire_plugin_data_response__type_support.cpp.o[0m
[  0%] [32mBuilding CXX object CMakeFiles/bosdyn_msgs__rosidl_typesupport_fastrtps_cpp.dir/rosidl_typesupport_fastrtps_cpp/bosdyn_msgs/msg/detail/dds_fastrtps/acquisition_capability_list__type_support.cpp.o[0m
[  0%] [32mBuilding CXX object CMakeFiles/bosdyn_msgs__rosidl_typesupport_fastrtps_cpp.dir/rosidl_typesupport_fastrtps_cpp/bosdyn_msgs/msg/detail/dds_fastrtps/acquire_plugin_data_response_status__type_support.cpp.o[0m
[  0%] [32mBuilding CXX object CMakeFiles/bosdyn_msgs__rosidl_typesupport_fastrtps_cpp.dir/rosidl_typesupport_fastrtps_cpp/bosdyn_msgs/msg/detail/dds_fastrtps/action_after_auto_return__type_support.cpp.o[0m
[  0%] [32mBuilding CXX object CMakeFiles/bosdyn_msgs__rosidl_typesupport_fastrtps_cpp.dir/rosidl_typesupport_fastrtps_cpp/bosdyn_msgs/msg/detail/dds_fastrtps/acquire_lease_request__type_support.cpp.o[0m
[  0%] [32mBuilding CXX object CMakeFiles/bosdyn_msgs__rosidl_typesupport_fastrtps_cpp.dir/rosidl_typesupport_fastrtps_cpp/bosdyn_msgs/msg/detail/dds_fastrtps/action_after_controlled_motors_off__type_support.cpp.o[0m
[  0%] [32mBuilding CXX object CMakeFiles/bosdyn_msgs__rosidl_typesupport_fastrtps_cpp.dir/rosidl_typesupport_fastrtps_cpp/bosdyn_msgs/msg/detail/dds_fastrtps/acquisition_request_list__type_support.cpp.o[0m
[  0%] [32mBuilding CXX object CMakeFiles/bosdyn_msgs__rosidl_typesupport_fastrtps_cpp.dir/rosidl_typesupport_fastrtps_cpp/bosdyn_msgs/msg/detail/dds_fastrtps/action_after__type_support.cpp.o[0m
[  0%] [32mBuilding CXX object CMakeFiles/bosdyn_msgs__rosidl_typesupport_fastrtps_cpp.dir/rosidl_typesupport_fastrtps_cpp/bosdyn_msgs/msg/detail/dds_fastrtps/action_after_immediate_robot_off__type_support.cpp.o[0m
[  0%] [32mBuilding CXX object CMakeFiles/bosdyn_msgs__rosidl_typesupport_fastrtps_cpp.dir/rosidl_typesupport_fastrtps_cpp/bosdyn_msgs/msg/detail/dds_fastrtps/action__type_support.cpp.o[0m
[  0%] [32mBuilding CXX object CMakeFiles/bosdyn_msgs__rosidl_typesupport_fastrtps_cpp.dir/rosidl_typesupport_fastrtps_cpp/bosdyn_msgs/msg/detail/dds_fastrtps/action_after_lease_stale__type_support.cpp.o[0m
[  0%] [32mBuilding CXX object CMakeFiles/bosdyn_msgs__rosidl_typesupport_fastrtps_cpp.dir/rosidl_typesupport_fastrtps_cpp/bosdyn_msgs/msg/detail/dds_fastrtps/action_data_acquisition__type_support.cpp.o[0m
[  0%] [32mBuilding CXX object CMakeFiles/bosdyn_msgs__rosidl_typesupport_fastrtps_cpp.dir/rosidl_typesupport_fastrtps_cpp/bosdyn_msgs/msg/detail/dds_fastrtps/action_id_query__type_support.cpp.o[0m
[  0%] [32mBuilding CXX object CMakeFiles/bosdyn_msgs__rosidl_typesupport_fastrtps_cpp.dir/rosidl_typesupport_fastrtps_cpp/bosdyn_msgs/msg/detail/dds_fastrtps/action_after_one_of_action__type_support.cpp.o[0m
[  0%] [32mBuilding CXX object CMakeFiles/bosdyn_msgs__rosidl_typesupport_fastrtps_cpp.dir/rosidl_typesupport_fastrtps_cpp/bosdyn_msgs/msg/detail/dds_fastrtps/action_after_record_event__type_support.cpp.o[0m
[  0%] [32mBuilding CXX object CMakeFiles/bosdyn_msgs__rosidl_typesupport_fastrtps_cpp.dir/rosidl_typesupport_fastrtps_cpp/bosdyn_msgs/msg/detail/dds_fastrtps/action_one_of_action__type_support.cpp.o[0m
[  0%] [32mBuilding CXX object CMakeFiles/bosdyn_msgs__rosidl_typesupport_fastrtps_cpp.dir/rosidl_typesupport_fastrtps_cpp/bosdyn_msgs/msg/detail/dds_fastrtps/action_remote_grpc__type_support.cpp.o[0m
[  0%] [32mBuilding CXX object CMakeFiles/bosdyn_msgs__rosidl_typesupport_fastrtps_cpp.dir/rosidl_typesupport_fastrtps_cpp/bosdyn_msgs/msg/detail/dds_fastrtps/action_sleep__type_support.cpp.o[0m
